Traceback (most recent call last):
  File "/opt/anaconda3/lib/python3.8/site-packages/jupyter_cache/executors/utils.py", line 51, in single_nb_execution
    executenb(
  File "/opt/anaconda3/lib/python3.8/site-packages/nbclient/client.py", line 1112, in execute
    return NotebookClient(nb=nb, resources=resources, km=km, **kwargs).execute()
  File "/opt/anaconda3/lib/python3.8/site-packages/nbclient/util.py", line 74, in wrapped
    return just_run(coro(*args, **kwargs))
  File "/opt/anaconda3/lib/python3.8/site-packages/nbclient/util.py", line 53, in just_run
    return loop.run_until_complete(coro)
  File "/opt/anaconda3/lib/python3.8/asyncio/base_events.py", line 616, in run_until_complete
    return future.result()
  File "/opt/anaconda3/lib/python3.8/site-packages/nbclient/client.py", line 553, in async_execute
    await self.async_execute_cell(
  File "/opt/anaconda3/lib/python3.8/site-packages/nbclient/client.py", line 857, in async_execute_cell
    self._check_raise_for_error(cell, exec_reply)
  File "/opt/anaconda3/lib/python3.8/site-packages/nbclient/client.py", line 760, in _check_raise_for_error
    raise CellExecutionError.from_cell_and_msg(cell, exec_reply_content)
nbclient.exceptions.CellExecutionError: An error occurred while executing the following cell:
------------------
import manim
------------------

[0;31m---------------------------------------------------------------------------[0m
[0;31mImportError[0m                               Traceback (most recent call last)
[0;32m/var/folders/w7/ws1ycc_x4ldf54pl86v3j8xr0000gn/T/ipykernel_66568/1344102287.py[0m in [0;36m<module>[0;34m[0m
[0;32m----> 1[0;31m [0;32mimport[0m [0mmanim[0m[0;34m[0m[0;34m[0m[0m
[0m
[0;32m/opt/anaconda3/lib/python3.8/site-packages/manim/__init__.py[0m in [0;36m<module>[0;34m[0m
[1;32m     33[0m [0;34m[0m[0m
[1;32m     34[0m [0;32mfrom[0m [0;34m.[0m[0manimation[0m[0;34m.[0m[0manimation[0m [0;32mimport[0m [0;34m*[0m[0;34m[0m[0;34m[0m[0m
[0;32m---> 35[0;31m [0;32mfrom[0m [0;34m.[0m[0manimation[0m[0;34m.[0m[0mcomposition[0m [0;32mimport[0m [0;34m*[0m[0;34m[0m[0;34m[0m[0m
[0m[1;32m     36[0m [0;32mfrom[0m [0;34m.[0m[0manimation[0m[0;34m.[0m[0mcreation[0m [0;32mimport[0m [0;34m*[0m[0;34m[0m[0;34m[0m[0m
[1;32m     37[0m [0;32mfrom[0m [0;34m.[0m[0manimation[0m[0;34m.[0m[0mfading[0m [0;32mimport[0m [0;34m*[0m[0;34m[0m[0;34m[0m[0m

[0;32m/opt/anaconda3/lib/python3.8/site-packages/manim/animation/composition.py[0m in [0;36m<module>[0;34m[0m
[1;32m     10[0m [0;32mfrom[0m [0;34m.[0m[0;34m.[0m[0mmobject[0m[0;34m.[0m[0mmobject[0m [0;32mimport[0m [0mGroup[0m[0;34m,[0m [0mMobject[0m[0;34m[0m[0;34m[0m[0m
[1;32m     11[0m [0;32mfrom[0m [0;34m.[0m[0;34m.[0m[0mmobject[0m[0;34m.[0m[0mopengl_mobject[0m [0;32mimport[0m [0mOpenGLGroup[0m[0;34m[0m[0;34m[0m[0m
[0;32m---> 12[0;31m [0;32mfrom[0m [0;34m.[0m[0;34m.[0m[0mscene[0m[0;34m.[0m[0mscene[0m [0;32mimport[0m [0mScene[0m[0;34m[0m[0;34m[0m[0m
[0m[1;32m     13[0m [0;32mfrom[0m [0;34m.[0m[0;34m.[0m[0mutils[0m[0;34m.[0m[0miterables[0m [0;32mimport[0m [0mremove_list_redundancies[0m[0;34m[0m[0;34m[0m[0m
[1;32m     14[0m [0;32mfrom[0m [0;34m.[0m[0;34m.[0m[0mutils[0m[0;34m.[0m[0mrate_functions[0m [0;32mimport[0m [0mlinear[0m[0;34m[0m[0;34m[0m[0m

[0;32m/opt/anaconda3/lib/python3.8/site-packages/manim/scene/scene.py[0m in [0;36m<module>[0;34m[0m
[1;32m     31[0m [0;32mfrom[0m [0;34m.[0m[0;34m.[0m [0;32mimport[0m [0mconfig[0m[0;34m,[0m [0mlogger[0m[0;34m[0m[0;34m[0m[0m
[1;32m     32[0m [0;32mfrom[0m [0;34m.[0m[0;34m.[0m[0manimation[0m[0;34m.[0m[0manimation[0m [0;32mimport[0m [0mAnimation[0m[0;34m,[0m [0mWait[0m[0;34m,[0m [0mprepare_animation[0m[0;34m[0m[0;34m[0m[0m
[0;32m---> 33[0;31m [0;32mfrom[0m [0;34m.[0m[0;34m.[0m[0mcamera[0m[0;34m.[0m[0mcamera[0m [0;32mimport[0m [0mCamera[0m[0;34m[0m[0;34m[0m[0m
[0m[1;32m     34[0m [0;32mfrom[0m [0;34m.[0m[0;34m.[0m[0mconstants[0m [0;32mimport[0m [0;34m*[0m[0;34m[0m[0;34m[0m[0m
[1;32m     35[0m [0;32mfrom[0m [0;34m.[0m[0;34m.[0m[0mgui[0m[0;34m.[0m[0mgui[0m [0;32mimport[0m [0mconfigure_pygui[0m[0;34m[0m[0;34m[0m[0m

[0;32m/opt/anaconda3/lib/python3.8/site-packages/manim/camera/camera.py[0m in [0;36m<module>[0;34m[0m
[1;32m     12[0m [0;32mfrom[0m [0mtyping[0m [0;32mimport[0m [0mAny[0m[0;34m,[0m [0mUnion[0m[0;34m[0m[0;34m[0m[0m
[1;32m     13[0m [0;34m[0m[0m
[0;32m---> 14[0;31m [0;32mimport[0m [0mcairo[0m[0;34m[0m[0;34m[0m[0m
[0m[1;32m     15[0m [0;32mimport[0m [0mnumpy[0m [0;32mas[0m [0mnp[0m[0;34m[0m[0;34m[0m[0m
[1;32m     16[0m [0;32mfrom[0m [0mPIL[0m [0;32mimport[0m [0mImage[0m[0;34m[0m[0;34m[0m[0m

[0;32m/opt/anaconda3/lib/python3.8/site-packages/cairo/__init__.py[0m in [0;36m<module>[0;34m[0m
[0;32m----> 1[0;31m [0;32mfrom[0m [0;34m.[0m[0m_cairo[0m [0;32mimport[0m [0;34m*[0m  [0;31m# noqa: F401,F403[0m[0;34m[0m[0;34m[0m[0m
[0m[1;32m      2[0m [0;34m[0m[0m
[1;32m      3[0m [0;34m[0m[0m
[1;32m      4[0m [0;32mdef[0m [0mget_include[0m[0;34m([0m[0;34m)[0m[0;34m:[0m[0;34m[0m[0;34m[0m[0m
[1;32m      5[0m     [0;34m"""Returns a path to the directory containing the C header files"""[0m[0;34m[0m[0;34m[0m[0m

[0;31mImportError[0m: dlopen(/opt/anaconda3/lib/python3.8/site-packages/cairo/_cairo.cpython-38-darwin.so, 2): Symbol not found: _cairo_append_path
  Referenced from: /opt/anaconda3/lib/python3.8/site-packages/cairo/_cairo.cpython-38-darwin.so
  Expected in: flat namespace
 in /opt/anaconda3/lib/python3.8/site-packages/cairo/_cairo.cpython-38-darwin.so
ImportError: dlopen(/opt/anaconda3/lib/python3.8/site-packages/cairo/_cairo.cpython-38-darwin.so, 2): Symbol not found: _cairo_append_path
  Referenced from: /opt/anaconda3/lib/python3.8/site-packages/cairo/_cairo.cpython-38-darwin.so
  Expected in: flat namespace
 in /opt/anaconda3/lib/python3.8/site-packages/cairo/_cairo.cpython-38-darwin.so

